<?xml version="1.0" encoding="UTF-8"?>
<!-- Generated by org.testng.reporters.JUnitXMLReporter -->
<testsuite hostname="G18KLMOHITCH" ignored="0" name="Test" tests="2" failures="0" timestamp="18 Jun 2019 19:29:50 GMT" time="38.503" errors="0">
  <testcase name="verifyCODbannerLinkTest" time="5.734" classname="com.koovs.web_automation.TestCases.Test_KoovsLandingPage"/>
  <testcase name="verifyKoovsLogoTest" time="0.237" classname="com.koovs.web_automation.TestCases.Test_KoovsLandingPage"/>
</testsuite> <!-- Test -->
