<?xml version="1.0" encoding="UTF-8"?>
<!-- Generated by org.testng.reporters.JUnitXMLReporter -->
<testsuite hostname="G18KLMOHITCH" ignored="0" name="Test" tests="2" failures="0" timestamp="23 Jun 2019 11:39:59 GMT" time="93.855" errors="0">
  <testcase name="verifyCODbannerLinkTest" time="6.568" classname="com.koovs.web_automation.TestCases.Test_KoovsLandingPage"/>
  <testcase name="verifyKoovsLogoTest" time="2.081" classname="com.koovs.web_automation.TestCases.Test_KoovsLandingPage"/>
</testsuite> <!-- Test -->
