<?xml version="1.0" encoding="UTF-8"?>
<testng-results skipped="0" failed="0" ignored="0" total="2" passed="2">
  <reporter-output>
  </reporter-output>
  <suite name="Suite" duration-ms="93855" started-at="2019-06-23T11:38:25Z" finished-at="2019-06-23T11:39:59Z">
    <groups>
    </groups>
    <test name="Test" duration-ms="93855" started-at="2019-06-23T11:38:25Z" finished-at="2019-06-23T11:39:59Z">
      <class name="com.koovs.web_automation.TestCases.Test_KoovsLandingPage">
        <test-method status="PASS" signature="beforeSuite()[pri:0, instance:com.koovs.web_automation.TestCases.Test_KoovsLandingPage@49438269]" name="beforeSuite" is-config="true" duration-ms="211" started-at="2019-06-23T17:08:25Z" finished-at="2019-06-23T17:08:25Z">
          <reporter-output>
          </reporter-output>
        </test-method> <!-- beforeSuite -->
        <test-method status="PASS" signature="beforeTest()[pri:0, instance:com.koovs.web_automation.TestCases.Test_KoovsLandingPage@49438269]" name="beforeTest" is-config="true" duration-ms="3" started-at="2019-06-23T17:08:25Z" finished-at="2019-06-23T17:08:25Z">
          <reporter-output>
          </reporter-output>
        </test-method> <!-- beforeTest -->
        <test-method status="PASS" signature="beforeClass()[pri:0, instance:com.koovs.web_automation.TestCases.Test_KoovsLandingPage@49438269]" name="beforeClass" is-config="true" duration-ms="3" started-at="2019-06-23T17:08:25Z" finished-at="2019-06-23T17:08:25Z">
          <reporter-output>
          </reporter-output>
        </test-method> <!-- beforeClass -->
        <test-method status="PASS" signature="beforeMethod(java.lang.reflect.Method)[pri:0, instance:com.koovs.web_automation.TestCases.Test_KoovsLandingPage@49438269]" name="beforeMethod" is-config="true" duration-ms="70816" started-at="2019-06-23T17:08:25Z" finished-at="2019-06-23T17:09:36Z">
          <params>
            <param index="0">
              <value>
                <![CDATA[public void com.koovs.web_automation.TestCases.Test_KoovsLandingPage.verifyCODbannerLinkTest()]]>
              </value>
            </param>
          </params>
          <reporter-output>
          </reporter-output>
        </test-method> <!-- beforeMethod -->
        <test-method status="PASS" signature="verifyCODbannerLinkTest()[pri:0, instance:com.koovs.web_automation.TestCases.Test_KoovsLandingPage@49438269]" name="verifyCODbannerLinkTest" duration-ms="6568" started-at="2019-06-23T17:09:36Z" finished-at="2019-06-23T17:09:42Z">
          <reporter-output>
          </reporter-output>
        </test-method> <!-- verifyCODbannerLinkTest -->
        <test-method status="PASS" signature="afterMethod()[pri:0, instance:com.koovs.web_automation.TestCases.Test_KoovsLandingPage@49438269]" name="afterMethod" is-config="true" duration-ms="1577" started-at="2019-06-23T17:09:42Z" finished-at="2019-06-23T17:09:44Z">
          <reporter-output>
          </reporter-output>
        </test-method> <!-- afterMethod -->
        <test-method status="PASS" signature="beforeMethod(java.lang.reflect.Method)[pri:0, instance:com.koovs.web_automation.TestCases.Test_KoovsLandingPage@49438269]" name="beforeMethod" is-config="true" duration-ms="11941" started-at="2019-06-23T17:09:44Z" finished-at="2019-06-23T17:09:56Z">
          <params>
            <param index="0">
              <value>
                <![CDATA[public void com.koovs.web_automation.TestCases.Test_KoovsLandingPage.verifyKoovsLogoTest()]]>
              </value>
            </param>
          </params>
          <reporter-output>
          </reporter-output>
        </test-method> <!-- beforeMethod -->
        <test-method status="PASS" signature="verifyKoovsLogoTest()[pri:0, instance:com.koovs.web_automation.TestCases.Test_KoovsLandingPage@49438269]" name="verifyKoovsLogoTest" duration-ms="2081" started-at="2019-06-23T17:09:56Z" finished-at="2019-06-23T17:09:58Z">
          <reporter-output>
          </reporter-output>
        </test-method> <!-- verifyKoovsLogoTest -->
        <test-method status="PASS" signature="afterMethod()[pri:0, instance:com.koovs.web_automation.TestCases.Test_KoovsLandingPage@49438269]" name="afterMethod" is-config="true" duration-ms="844" started-at="2019-06-23T17:09:58Z" finished-at="2019-06-23T17:09:59Z">
          <reporter-output>
          </reporter-output>
        </test-method> <!-- afterMethod -->
        <test-method status="PASS" signature="afterClass()[pri:0, instance:com.koovs.web_automation.TestCases.Test_KoovsLandingPage@49438269]" name="afterClass" is-config="true" duration-ms="1" started-at="2019-06-23T17:09:59Z" finished-at="2019-06-23T17:09:59Z">
          <reporter-output>
          </reporter-output>
        </test-method> <!-- afterClass -->
        <test-method status="PASS" signature="afterTest()[pri:0, instance:com.koovs.web_automation.TestCases.Test_KoovsLandingPage@49438269]" name="afterTest" is-config="true" duration-ms="0" started-at="2019-06-23T17:09:59Z" finished-at="2019-06-23T17:09:59Z">
          <reporter-output>
          </reporter-output>
        </test-method> <!-- afterTest -->
        <test-method status="PASS" signature="afterSuite()[pri:0, instance:com.koovs.web_automation.TestCases.Test_KoovsLandingPage@49438269]" name="afterSuite" is-config="true" duration-ms="0" started-at="2019-06-23T17:09:59Z" finished-at="2019-06-23T17:09:59Z">
          <reporter-output>
          </reporter-output>
        </test-method> <!-- afterSuite -->
      </class> <!-- com.koovs.web_automation.TestCases.Test_KoovsLandingPage -->
    </test> <!-- Test -->
  </suite> <!-- Suite -->
</testng-results>
